<?xml version="1.0" encoding="UTF-8"?>
<testng-results ignored="0" total="6" passed="6" failed="0" skipped="0">
  <reporter-output>
  </reporter-output>
  <suite started-at="2025-05-25T22:24:39 IST" name="Default suite" finished-at="2025-05-25T22:24:39 IST" duration-ms="103">
    <groups>
    </groups>
    <test started-at="2025-05-25T22:24:39 IST" name="Default test" finished-at="2025-05-25T22:24:39 IST" duration-ms="103">
      <class name="testNg.day3">
        <test-method is-config="true" signature="a()[pri:0, instance:testNg.day3@206a70ef]" started-at="2025-05-25T22:24:39 IST" name="a" finished-at="2025-05-25T22:24:39 IST" duration-ms="13" status="PASS">
          <reporter-output>
          </reporter-output>
        </test-method> <!-- a -->
        <test-method signature="m1()[pri:1, instance:testNg.day3@206a70ef]" started-at="2025-05-25T22:24:39 IST" name="m1" finished-at="2025-05-25T22:24:39 IST" duration-ms="9" status="PASS">
          <reporter-output>
          </reporter-output>
        </test-method> <!-- m1 -->
        <test-method signature="m2()[pri:2, instance:testNg.day3@206a70ef]" started-at="2025-05-25T22:24:39 IST" name="m2" finished-at="2025-05-25T22:24:39 IST" duration-ms="4" status="PASS">
          <reporter-output>
          </reporter-output>
        </test-method> <!-- m2 -->
        <test-method signature="m2()[pri:2, instance:testNg.day3@206a70ef]" started-at="2025-05-25T22:24:39 IST" name="m2" finished-at="2025-05-25T22:24:39 IST" duration-ms="6" status="PASS">
          <reporter-output>
          </reporter-output>
        </test-method> <!-- m2 -->
        <test-method signature="m2()[pri:2, instance:testNg.day3@206a70ef]" started-at="2025-05-25T22:24:39 IST" name="m2" finished-at="2025-05-25T22:24:39 IST" duration-ms="14" status="PASS">
          <reporter-output>
          </reporter-output>
        </test-method> <!-- m2 -->
        <test-method signature="m2()[pri:2, instance:testNg.day3@206a70ef]" started-at="2025-05-25T22:24:39 IST" name="m2" finished-at="2025-05-25T22:24:39 IST" duration-ms="3" status="PASS">
          <reporter-output>
          </reporter-output>
        </test-method> <!-- m2 -->
        <test-method signature="m2()[pri:2, instance:testNg.day3@206a70ef]" started-at="2025-05-25T22:24:39 IST" name="m2" finished-at="2025-05-25T22:24:39 IST" duration-ms="5" status="PASS">
          <reporter-output>
          </reporter-output>
        </test-method> <!-- m2 -->
        <test-method is-config="true" signature="b()[pri:0, instance:testNg.day3@206a70ef]" started-at="2025-05-25T22:24:39 IST" name="b" finished-at="2025-05-25T22:24:39 IST" duration-ms="1" status="PASS">
          <reporter-output>
          </reporter-output>
        </test-method> <!-- b -->
      </class> <!-- testNg.day3 -->
    </test> <!-- Default test -->
  </suite> <!-- Default suite -->
</testng-results>
