<?xml version="1.0" encoding="UTF-8"?>
<!-- Generated by org.testng.reporters.JUnitXMLReporter -->
<testsuite ignored="13" hostname="ajayreddys" failures="0" tests="0" time="0.016" errors="0" timestamp="2025-03-29T12:05:44 IST">
  <testcase classname="practice.Strings2" name="testReplaceTrim" time="0.0">
    <ignored/>
  </testcase> <!-- testReplaceTrim -->
  <testcase classname="practice.Strings2" name="testStringCreation" time="0.0">
    <ignored/>
  </testcase> <!-- testStringCreation -->
  <testcase classname="practice.Strings2" name="testComparison" time="0.0">
    <ignored/>
  </testcase> <!-- testComparison -->
  <testcase classname="practice.Strings2" name="testChangingCase" time="0.0">
    <ignored/>
  </testcase> <!-- testChangingCase -->
  <testcase classname="practice.Strings2" name="testLastIndexOf" time="0.0">
    <ignored/>
  </testcase> <!-- testLastIndexOf -->
  <testcase classname="practice.Strings2" name="testIndexOf" time="0.0">
    <ignored/>
  </testcase> <!-- testIndexOf -->
  <testcase classname="practice.Strings2" name="testIsEmpty" time="0.0">
    <ignored/>
  </testcase> <!-- testIsEmpty -->
  <testcase classname="practice.Strings2" name="testCharacterAccess" time="0.0">
    <ignored/>
  </testcase> <!-- testCharacterAccess -->
  <testcase classname="practice.Strings2" name="testStartEndCheck" time="0.0">
    <ignored/>
  </testcase> <!-- testStartEndCheck -->
  <testcase classname="practice.Strings2" name="testLength" time="0.0">
    <ignored/>
  </testcase> <!-- testLength -->
  <testcase classname="practice.Strings2" name="testCompareTo" time="0.0">
    <ignored/>
  </testcase> <!-- testCompareTo -->
  <testcase classname="practice.Strings2" name="testContains" time="0.0">
    <ignored/>
  </testcase> <!-- testContains -->
  <testcase classname="practice.Strings2" name="testSubstring" time="0.0">
    <ignored/>
  </testcase> <!-- testSubstring -->
</testsuite>
