<?xml version="1.0" encoding="UTF-8"?>
<!-- Generated by org.testng.reporters.JUnitXMLReporter -->
<testsuite ignored="0" hostname="ajayreddys" failures="0" tests="6" name="Default test" time="0.103" errors="0" timestamp="2025-05-25T22:24:39 IST">
  <testcase classname="testNg.day3" name="m1" time="0.009"/>
  <testcase classname="testNg.day3" name="m2" time="0.005"/>
  <testcase classname="testNg.day3" name="m2" time="0.003"/>
  <testcase classname="testNg.day3" name="m2" time="0.004"/>
  <testcase classname="testNg.day3" name="m2" time="0.006"/>
  <testcase classname="testNg.day3" name="m2" time="0.014"/>
</testsuite> <!-- Default test -->
