<?xml version="1.0" encoding="UTF-8"?>
<!-- Generated by org.testng.reporters.JUnitReportReporter -->
<testsuite hostname="ajayreddys" failures="0" tests="13" name="practice.Strings2" time="0.044" errors="0" timestamp="2025-03-29T12:04:07 IST" skipped="0">
  <testcase classname="practice.Strings2" name="testContains" time="0.004"/>
  <system-out/>
  <testcase classname="practice.Strings2" name="testIndexOf" time="0.003"/>
  <system-out/>
  <testcase classname="practice.Strings2" name="testReplaceTrim" time="0.002"/>
  <system-out/>
  <testcase classname="practice.Strings2" name="testComparison" time="0.006"/>
  <system-out/>
  <testcase classname="practice.Strings2" name="testLastIndexOf" time="0.002"/>
  <system-out/>
  <testcase classname="practice.Strings2" name="testLength" time="0.002"/>
  <system-out/>
  <testcase classname="practice.Strings2" name="testCompareTo" time="0.002"/>
  <system-out/>
  <testcase classname="practice.Strings2" name="testStringCreation" time="0.003"/>
  <system-out/>
  <testcase classname="practice.Strings2" name="testCharacterAccess" time="0.001"/>
  <system-out/>
  <testcase classname="practice.Strings2" name="testChangingCase" time="0.013"/>
  <system-out/>
  <testcase classname="practice.Strings2" name="testStartEndCheck" time="0.002"/>
  <system-out/>
  <testcase classname="practice.Strings2" name="testIsEmpty" time="0.003"/>
  <system-out/>
  <testcase classname="practice.Strings2" name="testSubstring" time="0.001"/>
  <system-out/>
</testsuite> <!-- practice.Strings2 -->
