<?xml version="1.0" encoding="UTF-8"?>
<!-- Generated by org.testng.reporters.JUnitReportReporter -->
<testsuite hostname="ajayreddys" failures="0" tests="6" name="testNg.day3" time="0.041" errors="0" timestamp="2025-05-25T22:24:40 IST" skipped="0">
  <testcase classname="testNg.day3" name="m1" time="0.009"/>
  <system-out/>
  <testcase classname="testNg.day3" name="m2" time="0.004"/>
  <system-out/>
  <testcase classname="testNg.day3" name="m2" time="0.006"/>
  <system-out/>
  <testcase classname="testNg.day3" name="m2" time="0.014"/>
  <system-out/>
  <testcase classname="testNg.day3" name="m2" time="0.003"/>
  <system-out/>
  <testcase classname="testNg.day3" name="m2" time="0.005"/>
  <system-out/>
</testsuite> <!-- testNg.day3 -->
