<?xml version="1.0" encoding="UTF-8"?>
<!-- Generated by org.testng.reporters.JUnitReportReporter -->
<testsuite hostname="ajayreddys" failures="0" tests="4" name="testNg.day1" time="0.018" errors="0" timestamp="2025-05-25T20:00:36 IST" skipped="0">
  <testcase classname="testNg.day1" name="a1" time="0.012"/>
  <system-out/>
  <testcase classname="testNg.day1" name="m1" time="0.002"/>
  <system-out/>
  <testcase classname="testNg.day1" name="b2" time="0.002"/>
  <system-out/>
  <testcase classname="testNg.day1" name="y1" time="0.002"/>
  <system-out/>
</testsuite> <!-- testNg.day1 -->
